Analysis & Synthesis report for kostka
Wed Nov 14 00:53:22 2018
Quartus II Version 9.0 Build 235 06/17/2009 Service Pack 2 SJ Web Edition


---------------------
; Table of Contents ;
---------------------
  1. Legal Notice
  2. Analysis & Synthesis Summary
  3. Analysis & Synthesis Settings
  4. Analysis & Synthesis Source Files Read
  5. Analysis & Synthesis Resource Usage Summary
  6. Analysis & Synthesis Resource Utilization by Entity
  7. State Machine - |kostka|st_now
  8. User-Specified and Inferred Latches
  9. General Register Statistics
 10. Analysis & Synthesis Messages



----------------
; Legal Notice ;
----------------
Copyright (C) 1991-2009 Altera Corporation
Your use of Altera Corporation's design tools, logic functions 
and other software and tools, and its AMPP partner logic 
functions, and any output files from any of the foregoing 
(including device programming or simulation files), and any 
associated documentation or information are expressly subject 
to the terms and conditions of the Altera Program License 
Subscription Agreement, Altera MegaCore Function License 
Agreement, or other applicable license agreement, including, 
without limitation, that your use is for the sole purpose of 
programming logic devices manufactured by Altera and sold by 
Altera or its authorized distributors.  Please refer to the 
applicable agreement for further details.



+----------------------------------------------------------------------------+
; Analysis & Synthesis Summary                                               ;
+-----------------------------+----------------------------------------------+
; Analysis & Synthesis Status ; Successful - Wed Nov 14 00:53:22 2018        ;
; Quartus II Version          ; 9.0 Build 235 06/17/2009 SP 2 SJ Web Edition ;
; Revision Name               ; kostka                                       ;
; Top-level Entity Name       ; kostka                                       ;
; Family                      ; FLEX10K                                      ;
; Total logic elements        ; 28                                           ;
; Total pins                  ; 10                                           ;
; Total memory bits           ; 0                                            ;
+-----------------------------+----------------------------------------------+


+------------------------------------------------------------------------------------------------+
; Analysis & Synthesis Settings                                                                  ;
+--------------------------------------------------------------+-----------------+---------------+
; Option                                                       ; Setting         ; Default Value ;
+--------------------------------------------------------------+-----------------+---------------+
; Device                                                       ; EPF10K70RC240-4 ;               ;
; Top-level entity name                                        ; kostka          ; kostka        ;
; Family name                                                  ; FLEX10K         ; Stratix II    ;
; Use Generated Physical Constraints File                      ; Off             ;               ;
; Use smart compilation                                        ; Off             ; Off           ;
; Create Debugging Nodes for IP Cores                          ; Off             ; Off           ;
; Preserve fewer node names                                    ; On              ; On            ;
; Disable OpenCore Plus hardware evaluation                    ; Off             ; Off           ;
; Verilog Version                                              ; Verilog_2001    ; Verilog_2001  ;
; VHDL Version                                                 ; VHDL93          ; VHDL93        ;
; State Machine Processing                                     ; Auto            ; Auto          ;
; Safe State Machine                                           ; Off             ; Off           ;
; Extract Verilog State Machines                               ; On              ; On            ;
; Extract VHDL State Machines                                  ; On              ; On            ;
; Ignore Verilog initial constructs                            ; Off             ; Off           ;
; Iteration limit for constant Verilog loops                   ; 5000            ; 5000          ;
; Iteration limit for non-constant Verilog loops               ; 250             ; 250           ;
; Add Pass-Through Logic to Inferred RAMs                      ; On              ; On            ;
; Parallel Synthesis                                           ; Off             ; Off           ;
; NOT Gate Push-Back                                           ; On              ; On            ;
; Power-Up Don't Care                                          ; On              ; On            ;
; Remove Redundant Logic Cells                                 ; Off             ; Off           ;
; Remove Duplicate Registers                                   ; On              ; On            ;
; Ignore CARRY Buffers                                         ; Off             ; Off           ;
; Ignore CASCADE Buffers                                       ; Off             ; Off           ;
; Ignore GLOBAL Buffers                                        ; Off             ; Off           ;
; Ignore ROW GLOBAL Buffers                                    ; Off             ; Off           ;
; Ignore LCELL Buffers                                         ; Off             ; Off           ;
; Ignore SOFT Buffers                                          ; On              ; On            ;
; Limit AHDL Integers to 32 Bits                               ; Off             ; Off           ;
; Auto Implement in ROM                                        ; Off             ; Off           ;
; Optimization Technique                                       ; Area            ; Area          ;
; Carry Chain Length                                           ; 32              ; 32            ;
; Cascade Chain Length                                         ; 2               ; 2             ;
; Auto Carry Chains                                            ; On              ; On            ;
; Auto Open-Drain Pins                                         ; On              ; On            ;
; Auto ROM Replacement                                         ; On              ; On            ;
; Auto RAM Replacement                                         ; On              ; On            ;
; Auto Clock Enable Replacement                                ; On              ; On            ;
; Strict RAM Replacement                                       ; Off             ; Off           ;
; Auto Resource Sharing                                        ; Off             ; Off           ;
; Allow Any RAM Size For Recognition                           ; Off             ; Off           ;
; Allow Any ROM Size For Recognition                           ; Off             ; Off           ;
; Use LogicLock Constraints during Resource Balancing          ; On              ; On            ;
; Ignore translate_off and synthesis_off directives            ; Off             ; Off           ;
; Show Parameter Settings Tables in Synthesis Report           ; On              ; On            ;
; HDL message level                                            ; Level2          ; Level2        ;
; Suppress Register Optimization Related Messages              ; Off             ; Off           ;
; Number of Removed Registers Reported in Synthesis Report     ; 100             ; 100           ;
; Number of Inverted Registers Reported in Synthesis Report    ; 100             ; 100           ;
; Block Design Naming                                          ; Auto            ; Auto          ;
; Synthesis Effort                                             ; Auto            ; Auto          ;
; Shift Register Replacement - Allow Asynchronous Clear Signal ; On              ; On            ;
; Analysis & Synthesis Message Level                           ; Medium          ; Medium        ;
+--------------------------------------------------------------+-----------------+---------------+


+--------------------------------------------------------------------------------------------------------+
; Analysis & Synthesis Source Files Read                                                                 ;
+----------------------------------+-----------------+-----------------+---------------------------------+
; File Name with User-Entered Path ; Used in Netlist ; File Type       ; File Name with Absolute Path    ;
+----------------------------------+-----------------+-----------------+---------------------------------+
; kostka.vhd                       ; yes             ; User VHDL File  ; C:/altera/90sp2/VHDL/kostka.vhd ;
+----------------------------------+-----------------+-----------------+---------------------------------+


+---------------------------------------------+
; Analysis & Synthesis Resource Usage Summary ;
+--------------------------------+------------+
; Resource                       ; Usage      ;
+--------------------------------+------------+
; Total logic elements           ; 28         ;
; Total combinational functions  ; 28         ;
;     -- Total 4-input functions ; 0          ;
;     -- Total 3-input functions ; 15         ;
;     -- Total 2-input functions ; 12         ;
;     -- Total 1-input functions ; 1          ;
;     -- Total 0-input functions ; 0          ;
; Total registers                ; 7          ;
; I/O pins                       ; 10         ;
; Maximum fan-out node           ; st_now.k0  ;
; Maximum fan-out                ; 7          ;
; Total fan-out                  ; 84         ;
; Average fan-out                ; 2.21       ;
+--------------------------------+------------+


+--------------------------------------------------------------------------------------------------------------------------------------------------------------------------------------------------------+
; Analysis & Synthesis Resource Utilization by Entity                                                                                                                                                    ;
+----------------------------+-------------+--------------+-------------+------+--------------+-------------------+------------------+-----------------+------------+---------------------+--------------+
; Compilation Hierarchy Node ; Logic Cells ; LC Registers ; Memory Bits ; Pins ; LUT-Only LCs ; Register-Only LCs ; LUT/Register LCs ; Carry Chain LCs ; Packed LCs ; Full Hierarchy Name ; Library Name ;
+----------------------------+-------------+--------------+-------------+------+--------------+-------------------+------------------+-----------------+------------+---------------------+--------------+
; |kostka                    ; 28 (28)     ; 7            ; 0           ; 10   ; 21 (21)      ; 0 (0)             ; 7 (7)            ; 0 (0)           ; 0 (0)      ; |kostka             ; work         ;
+----------------------------+-------------+--------------+-------------+------+--------------+-------------------+------------------+-----------------+------------+---------------------+--------------+
Note: For table entries with two numbers listed, the numbers in parentheses indicate the number of resources of the given type used by the specific entity alone. The numbers listed outside of parentheses indicate the total resources of the given type used by the specific entity and all of its sub-entities in the hierarchy.


Encoding Type:  One-Hot
+-----------------------------------------------------------------------------------------------+
; State Machine - |kostka|st_now                                                                ;
+-----------+-----------+-----------+-----------+-----------+-----------+-----------+-----------+
; Name      ; st_now.k6 ; st_now.k5 ; st_now.k4 ; st_now.k3 ; st_now.k2 ; st_now.k1 ; st_now.k0 ;
+-----------+-----------+-----------+-----------+-----------+-----------+-----------+-----------+
; st_now.k0 ; 0         ; 0         ; 0         ; 0         ; 0         ; 0         ; 0         ;
; st_now.k1 ; 0         ; 0         ; 0         ; 0         ; 0         ; 1         ; 1         ;
; st_now.k2 ; 0         ; 0         ; 0         ; 0         ; 1         ; 0         ; 1         ;
; st_now.k3 ; 0         ; 0         ; 0         ; 1         ; 0         ; 0         ; 1         ;
; st_now.k4 ; 0         ; 0         ; 1         ; 0         ; 0         ; 0         ; 1         ;
; st_now.k5 ; 0         ; 1         ; 0         ; 0         ; 0         ; 0         ; 1         ;
; st_now.k6 ; 1         ; 0         ; 0         ; 0         ; 0         ; 0         ; 1         ;
+-----------+-----------+-----------+-----------+-----------+-----------+-----------+-----------+


+----------------------------------------------------------------------------------------------------+
; User-Specified and Inferred Latches                                                                ;
+-----------------------------------------------------+---------------------+------------------------+
; Latch Name                                          ; Latch Enable Signal ; Free of Timing Hazards ;
+-----------------------------------------------------+---------------------+------------------------+
; seg[0]$latch                                        ; Selector13          ; yes                    ;
; seg[1]$latch                                        ; Selector13          ; yes                    ;
; seg[2]$latch                                        ; Selector13          ; yes                    ;
; seg[3]$latch                                        ; Selector13          ; yes                    ;
; seg[4]$latch                                        ; Selector13          ; yes                    ;
; seg[5]$latch                                        ; Selector13          ; yes                    ;
; seg[6]$latch                                        ; Selector13          ; yes                    ;
; st_next.k1_295                                      ; Selector12          ; yes                    ;
; st_next.k2_275                                      ; Selector12          ; yes                    ;
; st_next.k3_255                                      ; Selector12          ; yes                    ;
; st_next.k4_235                                      ; Selector12          ; yes                    ;
; st_next.k5_215                                      ; Selector12          ; yes                    ;
; st_next.k6_195                                      ; Selector12          ; yes                    ;
; Number of user-specified and inferred latches = 13  ;                     ;                        ;
+-----------------------------------------------------+---------------------+------------------------+
Note: All latches listed above may not be present at the end of synthesis due to various synthesis optimizations.


+------------------------------------------------------+
; General Register Statistics                          ;
+----------------------------------------------+-------+
; Statistic                                    ; Value ;
+----------------------------------------------+-------+
; Total registers                              ; 7     ;
; Number of registers using Synchronous Clear  ; 0     ;
; Number of registers using Synchronous Load   ; 0     ;
; Number of registers using Asynchronous Clear ; 0     ;
; Number of registers using Asynchronous Load  ; 0     ;
; Number of registers using Clock Enable       ; 0     ;
; Number of registers using Preset             ; 0     ;
+----------------------------------------------+-------+


+-------------------------------+
; Analysis & Synthesis Messages ;
+-------------------------------+
Info: *******************************************************************
Info: Running Quartus II Analysis & Synthesis
    Info: Version 9.0 Build 235 06/17/2009 Service Pack 2 SJ Web Edition
    Info: Processing started: Wed Nov 14 00:53:20 2018
Info: Command: quartus_map --read_settings_files=on --write_settings_files=off kostka -c kostka
Info: Found 2 design units, including 1 entities, in source file kostka.vhd
    Info: Found design unit 1: kostka-dice
    Info: Found entity 1: kostka
Info: Elaborating entity "kostka" for the top level hierarchy
Warning (10492): VHDL Process Statement warning at kostka.vhd(34): signal "Button" is read inside the Process Statement but isn't in the Process Statement's sensitivity list
Warning (10492): VHDL Process Statement warning at kostka.vhd(41): signal "Button" is read inside the Process Statement but isn't in the Process Statement's sensitivity list
Warning (10492): VHDL Process Statement warning at kostka.vhd(48): signal "Button" is read inside the Process Statement but isn't in the Process Statement's sensitivity list
Warning (10492): VHDL Process Statement warning at kostka.vhd(56): signal "Button" is read inside the Process Statement but isn't in the Process Statement's sensitivity list
Warning (10492): VHDL Process Statement warning at kostka.vhd(64): signal "Button" is read inside the Process Statement but isn't in the Process Statement's sensitivity list
Warning (10492): VHDL Process Statement warning at kostka.vhd(72): signal "Button" is read inside the Process Statement but isn't in the Process Statement's sensitivity list
Warning (10631): VHDL Process Statement warning at kostka.vhd(28): inferring latch(es) for signal or variable "seg", which holds its previous value in one or more paths through the process
Warning (10631): VHDL Process Statement warning at kostka.vhd(28): inferring latch(es) for signal or variable "st_next", which holds its previous value in one or more paths through the process
Info (10041): Inferred latch for "st_next.k6" at kostka.vhd(28)
Info (10041): Inferred latch for "st_next.k5" at kostka.vhd(28)
Info (10041): Inferred latch for "st_next.k4" at kostka.vhd(28)
Info (10041): Inferred latch for "st_next.k3" at kostka.vhd(28)
Info (10041): Inferred latch for "st_next.k2" at kostka.vhd(28)
Info (10041): Inferred latch for "st_next.k1" at kostka.vhd(28)
Info (10041): Inferred latch for "st_next.k0" at kostka.vhd(28)
Info (10041): Inferred latch for "seg[0]" at kostka.vhd(28)
Info (10041): Inferred latch for "seg[1]" at kostka.vhd(28)
Info (10041): Inferred latch for "seg[2]" at kostka.vhd(28)
Info (10041): Inferred latch for "seg[3]" at kostka.vhd(28)
Info (10041): Inferred latch for "seg[4]" at kostka.vhd(28)
Info (10041): Inferred latch for "seg[5]" at kostka.vhd(28)
Info (10041): Inferred latch for "seg[6]" at kostka.vhd(28)
Info: Duplicate LATCH primitives merged into single LATCH primitive
    Info: Duplicate LATCH primitive "seg[3]$latch" merged with LATCH primitive "seg[0]$latch"
Warning: Latch seg[0]$latch has unsafe behavior
    Warning: Ports D and ENA on the latch are fed by the same signal st_now.k0
Warning: Latch seg[1]$latch has unsafe behavior
    Warning: Ports D and ENA on the latch are fed by the same signal st_now.k0
Warning: Latch seg[2]$latch has unsafe behavior
    Warning: Ports D and ENA on the latch are fed by the same signal st_now.k0
Warning: Latch seg[6]$latch has unsafe behavior
    Warning: Ports D and ENA on the latch are fed by the same signal st_now.k0
Warning: Latch st_next.k1_295 has unsafe behavior
    Warning: Ports D and ENA on the latch are fed by the same signal st_now.k0
Info: Implemented 38 device resources after synthesis - the final resource count might be different
    Info: Implemented 3 input pins
    Info: Implemented 7 output pins
    Info: Implemented 28 logic cells
Info: Quartus II Analysis & Synthesis was successful. 0 errors, 18 warnings
    Info: Peak virtual memory: 263 megabytes
    Info: Processing ended: Wed Nov 14 00:53:22 2018
    Info: Elapsed time: 00:00:02
    Info: Total CPU time (on all processors): 00:00:01


