Classic Timing Analyzer report for kostka
Wed Nov 14 00:53:29 2018
Quartus II Version 9.0 Build 235 06/17/2009 Service Pack 2 SJ Web Edition


---------------------
; Table of Contents ;
---------------------
  1. Legal Notice
  2. Timing Analyzer Summary
  3. Timing Analyzer Settings
  4. Clock Settings Summary
  5. Parallel Compilation
  6. Clock Setup: 'clk'
  7. Clock Hold: 'clk'
  8. tsu
  9. tco
 10. tpd
 11. th
 12. Timing Analyzer Messages



----------------
; Legal Notice ;
----------------
Copyright (C) 1991-2009 Altera Corporation
Your use of Altera Corporation's design tools, logic functions 
and other software and tools, and its AMPP partner logic 
functions, and any output files from any of the foregoing 
(including device programming or simulation files), and any 
associated documentation or information are expressly subject 
to the terms and conditions of the Altera Program License 
Subscription Agreement, Altera MegaCore Function License 
Agreement, or other applicable license agreement, including, 
without limitation, that your use is for the sole purpose of 
programming logic devices manufactured by Altera and sold by 
Altera or its authorized distributors.  Please refer to the 
applicable agreement for further details.



+-----------------------------------------------------------------------------------------------------------------------------------------------------------------------------------------------------+
; Timing Analyzer Summary                                                                                                                                                                             ;
+------------------------------+------------------------------------------+---------------+----------------------------------+----------------+----------------+------------+----------+--------------+
; Type                         ; Slack                                    ; Required Time ; Actual Time                      ; From           ; To             ; From Clock ; To Clock ; Failed Paths ;
+------------------------------+------------------------------------------+---------------+----------------------------------+----------------+----------------+------------+----------+--------------+
; Worst-case tsu               ; N/A                                      ; None          ; 16.200 ns                        ; reset          ; st_now.k3      ; --         ; clk      ; 0            ;
; Worst-case tco               ; N/A                                      ; None          ; 37.200 ns                        ; seg[0]$latch   ; seg[3]         ; Button     ; --       ; 0            ;
; Worst-case tpd               ; N/A                                      ; None          ; 34.000 ns                        ; Button         ; seg[3]         ; --         ; --       ; 0            ;
; Worst-case th                ; N/A                                      ; None          ; -10.100 ns                       ; reset          ; st_now.k0      ; --         ; clk      ; 0            ;
; Clock Setup: 'clk'           ; N/A                                      ; None          ; 34.01 MHz ( period = 29.400 ns ) ; st_next.k2_275 ; st_now.k2      ; clk        ; clk      ; 0            ;
; Clock Hold: 'clk'            ; Not operational: Clock Skew > Data Delay ; None          ; N/A                              ; st_now.k1      ; st_next.k2_275 ; clk        ; clk      ; 18           ;
; Total number of failed paths ;                                          ;               ;                                  ;                ;                ;            ;          ; 18           ;
+------------------------------+------------------------------------------+---------------+----------------------------------+----------------+----------------+------------+----------+--------------+


+--------------------------------------------------------------------------------------------------------------------+
; Timing Analyzer Settings                                                                                           ;
+---------------------------------------------------------------------+--------------------+------+----+-------------+
; Option                                                              ; Setting            ; From ; To ; Entity Name ;
+---------------------------------------------------------------------+--------------------+------+----+-------------+
; Device Name                                                         ; EPF10K70RC240-4    ;      ;    ;             ;
; Timing Models                                                       ; Final              ;      ;    ;             ;
; Default hold multicycle                                             ; Same as Multicycle ;      ;    ;             ;
; Cut paths between unrelated clock domains                           ; On                 ;      ;    ;             ;
; Cut off read during write signal paths                              ; On                 ;      ;    ;             ;
; Cut off feedback from I/O pins                                      ; On                 ;      ;    ;             ;
; Report Combined Fast/Slow Timing                                    ; Off                ;      ;    ;             ;
; Ignore Clock Settings                                               ; Off                ;      ;    ;             ;
; Analyze latches as synchronous elements                             ; On                 ;      ;    ;             ;
; Enable Recovery/Removal analysis                                    ; Off                ;      ;    ;             ;
; Enable Clock Latency                                                ; Off                ;      ;    ;             ;
; Use TimeQuest Timing Analyzer                                       ; Off                ;      ;    ;             ;
; Minimum Core Junction Temperature                                   ; 0                  ;      ;    ;             ;
; Maximum Core Junction Temperature                                   ; 85                 ;      ;    ;             ;
; Number of source nodes to report per destination node               ; 10                 ;      ;    ;             ;
; Number of destination nodes to report                               ; 10                 ;      ;    ;             ;
; Number of paths to report                                           ; 200                ;      ;    ;             ;
; Report Minimum Timing Checks                                        ; Off                ;      ;    ;             ;
; Use Fast Timing Models                                              ; Off                ;      ;    ;             ;
; Report IO Paths Separately                                          ; Off                ;      ;    ;             ;
; Perform Multicorner Analysis                                        ; Off                ;      ;    ;             ;
; Reports the worst-case path for each clock domain and analysis      ; Off                ;      ;    ;             ;
; Removes common clock path pessimism (CCPP) during slack computation ; Off                ;      ;    ;             ;
; Output I/O Timing Endpoint                                          ; Near End           ;      ;    ;             ;
+---------------------------------------------------------------------+--------------------+------+----+-------------+


+------------------------------------------------------------------------------------------------------------------------------------------------------------------------------------+
; Clock Settings Summary                                                                                                                                                             ;
+-----------------+--------------------+----------+------------------+---------------+--------------+----------+-----------------------+---------------------+--------+--------------+
; Clock Node Name ; Clock Setting Name ; Type     ; Fmax Requirement ; Early Latency ; Late Latency ; Based on ; Multiply Base Fmax by ; Divide Base Fmax by ; Offset ; Phase offset ;
+-----------------+--------------------+----------+------------------+---------------+--------------+----------+-----------------------+---------------------+--------+--------------+
; clk             ;                    ; User Pin ; None             ; 0.000 ns      ; 0.000 ns     ; --       ; N/A                   ; N/A                 ; N/A    ;              ;
; Button          ;                    ; User Pin ; None             ; 0.000 ns      ; 0.000 ns     ; --       ; N/A                   ; N/A                 ; N/A    ;              ;
+-----------------+--------------------+----------+------------------+---------------+--------------+----------+-----------------------+---------------------+--------+--------------+


Parallel compilation was disabled, but you have multiple processors available. Enable parallel compilation to reduce compilation time.
+-------------------------------------+
; Parallel Compilation                ;
+----------------------------+--------+
; Processors                 ; Number ;
+----------------------------+--------+
; Number detected on machine ; 4      ;
; Maximum allowed            ; 1      ;
+----------------------------+--------+


+-----------------------------------------------------------------------------------------------------------------------------------------------------------------------------------------+
; Clock Setup: 'clk'                                                                                                                                                                      ;
+-------+-----------------------------------+----------------+----------------+------------+----------+-----------------------------+---------------------------+-------------------------+
; Slack ; Actual fmax (period)              ; From           ; To             ; From Clock ; To Clock ; Required Setup Relationship ; Required Longest P2P Time ; Actual Longest P2P Time ;
+-------+-----------------------------------+----------------+----------------+------------+----------+-----------------------------+---------------------------+-------------------------+
; N/A   ; 34.01 MHz ( period = 29.400 ns )  ; st_next.k1_295 ; st_now.k1      ; clk        ; clk      ; None                        ; None                      ; 2.200 ns                ;
; N/A   ; 34.01 MHz ( period = 29.400 ns )  ; st_next.k6_195 ; st_now.k6      ; clk        ; clk      ; None                        ; None                      ; 2.200 ns                ;
; N/A   ; 34.01 MHz ( period = 29.400 ns )  ; st_next.k2_275 ; st_now.k2      ; clk        ; clk      ; None                        ; None                      ; 2.200 ns                ;
; N/A   ; 34.25 MHz ( period = 29.200 ns )  ; st_next.k4_235 ; st_now.k4      ; clk        ; clk      ; None                        ; None                      ; 2.200 ns                ;
; N/A   ; 34.25 MHz ( period = 29.200 ns )  ; st_next.k5_215 ; st_now.k5      ; clk        ; clk      ; None                        ; None                      ; 2.200 ns                ;
; N/A   ; 34.25 MHz ( period = 29.200 ns )  ; st_next.k3_255 ; st_now.k3      ; clk        ; clk      ; None                        ; None                      ; 2.200 ns                ;
; N/A   ; 63.29 MHz ( period = 15.800 ns )  ; st_now.k1      ; seg[0]$latch   ; clk        ; clk      ; None                        ; None                      ; 8.400 ns                ;
; N/A   ; 63.29 MHz ( period = 15.800 ns )  ; st_now.k1      ; seg[6]$latch   ; clk        ; clk      ; None                        ; None                      ; 8.400 ns                ;
; N/A   ; 64.94 MHz ( period = 15.400 ns )  ; st_now.k4      ; seg[0]$latch   ; clk        ; clk      ; None                        ; None                      ; 8.200 ns                ;
; N/A   ; 84.75 MHz ( period = 11.800 ns )  ; st_now.k0      ; st_next.k1_295 ; clk        ; clk      ; None                        ; None                      ; 8.500 ns                ;
; N/A   ; 87.72 MHz ( period = 11.400 ns )  ; st_now.k0      ; seg[1]$latch   ; clk        ; clk      ; None                        ; None                      ; 8.500 ns                ;
; N/A   ; 87.72 MHz ( period = 11.400 ns )  ; st_now.k0      ; seg[2]$latch   ; clk        ; clk      ; None                        ; None                      ; 8.500 ns                ;
; N/A   ; 87.72 MHz ( period = 11.400 ns )  ; st_now.k5      ; seg[5]$latch   ; clk        ; clk      ; None                        ; None                      ; 8.500 ns                ;
; N/A   ; 89.29 MHz ( period = 11.200 ns )  ; st_now.k0      ; seg[0]$latch   ; clk        ; clk      ; None                        ; None                      ; 6.100 ns                ;
; N/A   ; 89.29 MHz ( period = 11.200 ns )  ; st_now.k2      ; seg[4]$latch   ; clk        ; clk      ; None                        ; None                      ; 8.400 ns                ;
; N/A   ; 90.91 MHz ( period = 11.000 ns )  ; st_now.k6      ; seg[1]$latch   ; clk        ; clk      ; None                        ; None                      ; 8.300 ns                ;
; N/A   ; 90.91 MHz ( period = 11.000 ns )  ; st_now.k6      ; seg[5]$latch   ; clk        ; clk      ; None                        ; None                      ; 8.300 ns                ;
; N/A   ; 92.59 MHz ( period = 10.800 ns )  ; st_now.k5      ; seg[1]$latch   ; clk        ; clk      ; None                        ; None                      ; 8.200 ns                ;
; N/A   ; 92.59 MHz ( period = 10.800 ns )  ; st_now.k4      ; seg[5]$latch   ; clk        ; clk      ; None                        ; None                      ; 8.200 ns                ;
; N/A   ; 94.34 MHz ( period = 10.600 ns )  ; st_now.k2      ; seg[2]$latch   ; clk        ; clk      ; None                        ; None                      ; 8.100 ns                ;
; N/A   ; 94.34 MHz ( period = 10.600 ns )  ; st_now.k0      ; seg[6]$latch   ; clk        ; clk      ; None                        ; None                      ; 5.800 ns                ;
; N/A   ; 96.15 MHz ( period = 10.400 ns )  ; st_now.k6      ; seg[4]$latch   ; clk        ; clk      ; None                        ; None                      ; 8.000 ns                ;
; N/A   ; 156.25 MHz ( period = 6.400 ns )  ; st_now.k6      ; st_next.k1_295 ; clk        ; clk      ; None                        ; None                      ; 5.800 ns                ;
; N/A   ; 178.57 MHz ( period = 5.600 ns )  ; st_now.k2      ; st_next.k3_255 ; clk        ; clk      ; None                        ; None                      ; 5.300 ns                ;
; N/A   ; 185.19 MHz ( period = 5.400 ns )  ; st_now.k5      ; st_next.k6_195 ; clk        ; clk      ; None                        ; None                      ; 5.300 ns                ;
; N/A   ; 1250.00 MHz ( period = 0.800 ns ) ; st_now.k3      ; st_next.k4_235 ; clk        ; clk      ; None                        ; None                      ; 2.900 ns                ;
; N/A   ; 1250.00 MHz ( period = 0.800 ns ) ; st_now.k4      ; st_next.k5_215 ; clk        ; clk      ; None                        ; None                      ; 2.900 ns                ;
; N/A   ; 1666.67 MHz ( period = 0.600 ns ) ; st_now.k1      ; st_next.k2_275 ; clk        ; clk      ; None                        ; None                      ; 2.900 ns                ;
+-------+-----------------------------------+----------------+----------------+------------+----------+-----------------------------+---------------------------+-------------------------+


+------------------------------------------------------------------------------------------------------------------------------------------------------------------------------------+
; Clock Hold: 'clk'                                                                                                                                                                  ;
+------------------------------------------+-----------+----------------+------------+----------+----------------------------+----------------------------+--------------------------+
; Minimum Slack                            ; From      ; To             ; From Clock ; To Clock ; Required Hold Relationship ; Required Shortest P2P Time ; Actual Shortest P2P Time ;
+------------------------------------------+-----------+----------------+------------+----------+----------------------------+----------------------------+--------------------------+
; Not operational: Clock Skew > Data Delay ; st_now.k1 ; st_next.k2_275 ; clk        ; clk      ; None                       ; None                       ; 2.900 ns                 ;
; Not operational: Clock Skew > Data Delay ; st_now.k3 ; st_next.k4_235 ; clk        ; clk      ; None                       ; None                       ; 2.900 ns                 ;
; Not operational: Clock Skew > Data Delay ; st_now.k4 ; st_next.k5_215 ; clk        ; clk      ; None                       ; None                       ; 2.900 ns                 ;
; Not operational: Clock Skew > Data Delay ; st_now.k5 ; st_next.k6_195 ; clk        ; clk      ; None                       ; None                       ; 5.300 ns                 ;
; Not operational: Clock Skew > Data Delay ; st_now.k2 ; st_next.k3_255 ; clk        ; clk      ; None                       ; None                       ; 5.300 ns                 ;
; Not operational: Clock Skew > Data Delay ; st_now.k6 ; st_next.k1_295 ; clk        ; clk      ; None                       ; None                       ; 5.800 ns                 ;
; Not operational: Clock Skew > Data Delay ; st_now.k6 ; seg[4]$latch   ; clk        ; clk      ; None                       ; None                       ; 8.000 ns                 ;
; Not operational: Clock Skew > Data Delay ; st_now.k2 ; seg[2]$latch   ; clk        ; clk      ; None                       ; None                       ; 8.100 ns                 ;
; Not operational: Clock Skew > Data Delay ; st_now.k0 ; seg[6]$latch   ; clk        ; clk      ; None                       ; None                       ; 5.800 ns                 ;
; Not operational: Clock Skew > Data Delay ; st_now.k5 ; seg[1]$latch   ; clk        ; clk      ; None                       ; None                       ; 8.200 ns                 ;
; Not operational: Clock Skew > Data Delay ; st_now.k4 ; seg[5]$latch   ; clk        ; clk      ; None                       ; None                       ; 8.200 ns                 ;
; Not operational: Clock Skew > Data Delay ; st_now.k6 ; seg[1]$latch   ; clk        ; clk      ; None                       ; None                       ; 8.300 ns                 ;
; Not operational: Clock Skew > Data Delay ; st_now.k6 ; seg[5]$latch   ; clk        ; clk      ; None                       ; None                       ; 8.300 ns                 ;
; Not operational: Clock Skew > Data Delay ; st_now.k0 ; seg[0]$latch   ; clk        ; clk      ; None                       ; None                       ; 6.100 ns                 ;
; Not operational: Clock Skew > Data Delay ; st_now.k2 ; seg[4]$latch   ; clk        ; clk      ; None                       ; None                       ; 8.400 ns                 ;
; Not operational: Clock Skew > Data Delay ; st_now.k0 ; seg[1]$latch   ; clk        ; clk      ; None                       ; None                       ; 8.500 ns                 ;
; Not operational: Clock Skew > Data Delay ; st_now.k0 ; seg[2]$latch   ; clk        ; clk      ; None                       ; None                       ; 8.500 ns                 ;
; Not operational: Clock Skew > Data Delay ; st_now.k5 ; seg[5]$latch   ; clk        ; clk      ; None                       ; None                       ; 8.500 ns                 ;
+------------------------------------------+-----------+----------------+------------+----------+----------------------------+----------------------------+--------------------------+


+------------------------------------------------------------------+
; tsu                                                              ;
+-------+--------------+------------+-------+-----------+----------+
; Slack ; Required tsu ; Actual tsu ; From  ; To        ; To Clock ;
+-------+--------------+------------+-------+-----------+----------+
; N/A   ; None         ; 16.200 ns  ; reset ; st_now.k4 ; clk      ;
; N/A   ; None         ; 16.200 ns  ; reset ; st_now.k1 ; clk      ;
; N/A   ; None         ; 16.200 ns  ; reset ; st_now.k5 ; clk      ;
; N/A   ; None         ; 16.200 ns  ; reset ; st_now.k6 ; clk      ;
; N/A   ; None         ; 16.200 ns  ; reset ; st_now.k2 ; clk      ;
; N/A   ; None         ; 16.200 ns  ; reset ; st_now.k3 ; clk      ;
; N/A   ; None         ; 15.800 ns  ; reset ; st_now.k0 ; clk      ;
+-------+--------------+------------+-------+-----------+----------+


+------------------------------------------------------------------------+
; tco                                                                    ;
+-------+--------------+------------+--------------+--------+------------+
; Slack ; Required tco ; Actual tco ; From         ; To     ; From Clock ;
+-------+--------------+------------+--------------+--------+------------+
; N/A   ; None         ; 37.200 ns  ; seg[0]$latch ; seg[3] ; Button     ;
; N/A   ; None         ; 36.300 ns  ; seg[4]$latch ; seg[4] ; Button     ;
; N/A   ; None         ; 36.300 ns  ; seg[2]$latch ; seg[2] ; Button     ;
; N/A   ; None         ; 36.300 ns  ; seg[1]$latch ; seg[1] ; Button     ;
; N/A   ; None         ; 36.200 ns  ; seg[5]$latch ; seg[5] ; Button     ;
; N/A   ; None         ; 34.000 ns  ; seg[0]$latch ; seg[0] ; Button     ;
; N/A   ; None         ; 33.900 ns  ; seg[6]$latch ; seg[6] ; Button     ;
; N/A   ; None         ; 28.300 ns  ; seg[0]$latch ; seg[3] ; clk        ;
; N/A   ; None         ; 27.400 ns  ; seg[4]$latch ; seg[4] ; clk        ;
; N/A   ; None         ; 27.400 ns  ; seg[2]$latch ; seg[2] ; clk        ;
; N/A   ; None         ; 27.400 ns  ; seg[1]$latch ; seg[1] ; clk        ;
; N/A   ; None         ; 27.300 ns  ; seg[5]$latch ; seg[5] ; clk        ;
; N/A   ; None         ; 27.100 ns  ; st_now.k1    ; seg[3] ; clk        ;
; N/A   ; None         ; 26.900 ns  ; st_now.k4    ; seg[3] ; clk        ;
; N/A   ; None         ; 25.100 ns  ; st_now.k0    ; seg[3] ; clk        ;
; N/A   ; None         ; 25.100 ns  ; seg[0]$latch ; seg[0] ; clk        ;
; N/A   ; None         ; 25.000 ns  ; seg[6]$latch ; seg[6] ; clk        ;
+-------+--------------+------------+--------------+--------+------------+


+---------------------------------------------------------------+
; tpd                                                           ;
+-------+-------------------+-----------------+--------+--------+
; Slack ; Required P2P Time ; Actual P2P Time ; From   ; To     ;
+-------+-------------------+-----------------+--------+--------+
; N/A   ; None              ; 34.000 ns       ; Button ; seg[3] ;
+-------+-------------------+-----------------+--------+--------+


+-------------------------------------------------------------------------+
; th                                                                      ;
+---------------+-------------+------------+-------+-----------+----------+
; Minimum Slack ; Required th ; Actual th  ; From  ; To        ; To Clock ;
+---------------+-------------+------------+-------+-----------+----------+
; N/A           ; None        ; -10.100 ns ; reset ; st_now.k0 ; clk      ;
; N/A           ; None        ; -10.500 ns ; reset ; st_now.k4 ; clk      ;
; N/A           ; None        ; -10.500 ns ; reset ; st_now.k1 ; clk      ;
; N/A           ; None        ; -10.500 ns ; reset ; st_now.k5 ; clk      ;
; N/A           ; None        ; -10.500 ns ; reset ; st_now.k6 ; clk      ;
; N/A           ; None        ; -10.500 ns ; reset ; st_now.k2 ; clk      ;
; N/A           ; None        ; -10.500 ns ; reset ; st_now.k3 ; clk      ;
+---------------+-------------+------------+-------+-----------+----------+


+--------------------------+
; Timing Analyzer Messages ;
+--------------------------+
Info: *******************************************************************
Info: Running Quartus II Classic Timing Analyzer
    Info: Version 9.0 Build 235 06/17/2009 Service Pack 2 SJ Web Edition
    Info: Processing started: Wed Nov 14 00:53:29 2018
Info: Command: quartus_tan --read_settings_files=off --write_settings_files=off kostka -c kostka
Info: Started post-fitting delay annotation
Info: Delay annotation completed successfully
Warning: Timing Analysis is analyzing one or more combinational loops as latches
    Warning: Node "st_next.k4_235" is a latch
    Warning: Node "st_next.k1_295" is a latch
    Warning: Node "seg[0]$latch" is a latch
    Warning: Node "st_next.k5_215" is a latch
    Warning: Node "st_next.k6_195" is a latch
    Warning: Node "seg[1]$latch" is a latch
    Warning: Node "st_next.k2_275" is a latch
    Warning: Node "seg[2]$latch" is a latch
    Warning: Node "seg[4]$latch" is a latch
    Warning: Node "seg[5]$latch" is a latch
    Warning: Node "seg[6]$latch" is a latch
    Warning: Node "st_next.k3_255" is a latch
Warning: Found pins functioning as undefined clocks and/or memory enables
    Info: Assuming node "clk" is an undefined clock
    Info: Assuming node "Button" is a latch enable and/or memory write/read enable. Will not compute fmax for this pin.
Warning: Found 3 node(s) in clock paths which may be acting as ripple and/or gated clocks -- node(s) analyzed as buffer(s) resulting in clock skew
    Info: Detected gated clock "Selector12~0" as buffer
    Info: Detected gated clock "Selector13~1" as buffer
    Info: Detected ripple clock "st_now.k0" as buffer
Info: Clock "clk" has Internal fmax of 34.01 MHz between source register "st_next.k1_295" and destination register "st_now.k1" (period= 29.4 ns)
    Info: + Longest register to register delay is 2.200 ns
        Info: 1: + IC(0.000 ns) + CELL(0.000 ns) = 0.000 ns; Loc. = LC5_G42; Fanout = 1; REG Node = 'st_next.k1_295'
        Info: 2: + IC(0.500 ns) + CELL(1.700 ns) = 2.200 ns; Loc. = LC1_G42; Fanout = 3; REG Node = 'st_now.k1'
        Info: Total cell delay = 1.700 ns ( 77.27 % )
        Info: Total interconnect delay = 0.500 ns ( 22.73 % )
    Info: - Smallest clock skew is -9.900 ns
        Info: + Shortest clock path from clock "clk" to destination register is 7.000 ns
            Info: 1: + IC(0.000 ns) + CELL(2.900 ns) = 2.900 ns; Loc. = PIN_91; Fanout = 7; CLK Node = 'clk'
            Info: 2: + IC(4.100 ns) + CELL(0.000 ns) = 7.000 ns; Loc. = LC1_G42; Fanout = 3; REG Node = 'st_now.k1'
            Info: Total cell delay = 2.900 ns ( 41.43 % )
            Info: Total interconnect delay = 4.100 ns ( 58.57 % )
        Info: - Longest clock path from clock "clk" to source register is 16.900 ns
            Info: 1: + IC(0.000 ns) + CELL(2.900 ns) = 2.900 ns; Loc. = PIN_91; Fanout = 7; CLK Node = 'clk'
            Info: 2: + IC(4.100 ns) + CELL(1.400 ns) = 8.400 ns; Loc. = LC2_G45; Fanout = 7; REG Node = 'st_now.k0'
            Info: 3: + IC(0.500 ns) + CELL(2.400 ns) = 11.300 ns; Loc. = LC5_G45; Fanout = 6; COMB Node = 'Selector12~0'
            Info: 4: + IC(2.900 ns) + CELL(2.700 ns) = 16.900 ns; Loc. = LC5_G42; Fanout = 1; REG Node = 'st_next.k1_295'
            Info: Total cell delay = 9.400 ns ( 55.62 % )
            Info: Total interconnect delay = 7.500 ns ( 44.38 % )
    Info: + Micro clock to output delay of source is 0.000 ns
    Info: + Micro setup delay of destination is 2.600 ns
    Info: Delay path is controlled by inverted clocks -- if clock duty cycle is 50%, fmax is divided by two
Warning: Circuit may not operate. Detected 18 non-operational path(s) clocked by clock "clk" with clock skew larger than data delay. See Compilation Report for details.
Info: Found hold time violation between source  pin or register "st_now.k1" and destination pin or register "st_next.k2_275" for clock "clk" (Hold time is 5.6 ns)
    Info: + Largest clock skew is 9.900 ns
        Info: + Longest clock path from clock "clk" to destination register is 16.900 ns
            Info: 1: + IC(0.000 ns) + CELL(2.900 ns) = 2.900 ns; Loc. = PIN_91; Fanout = 7; CLK Node = 'clk'
            Info: 2: + IC(4.100 ns) + CELL(1.400 ns) = 8.400 ns; Loc. = LC2_G45; Fanout = 7; REG Node = 'st_now.k0'
            Info: 3: + IC(0.500 ns) + CELL(2.400 ns) = 11.300 ns; Loc. = LC5_G45; Fanout = 6; COMB Node = 'Selector12~0'
            Info: 4: + IC(2.900 ns) + CELL(2.700 ns) = 16.900 ns; Loc. = LC7_G42; Fanout = 1; REG Node = 'st_next.k2_275'
            Info: Total cell delay = 9.400 ns ( 55.62 % )
            Info: Total interconnect delay = 7.500 ns ( 44.38 % )
        Info: - Shortest clock path from clock "clk" to source register is 7.000 ns
            Info: 1: + IC(0.000 ns) + CELL(2.900 ns) = 2.900 ns; Loc. = PIN_91; Fanout = 7; CLK Node = 'clk'
            Info: 2: + IC(4.100 ns) + CELL(0.000 ns) = 7.000 ns; Loc. = LC1_G42; Fanout = 3; REG Node = 'st_now.k1'
            Info: Total cell delay = 2.900 ns ( 41.43 % )
            Info: Total interconnect delay = 4.100 ns ( 58.57 % )
    Info: - Micro clock to output delay of source is 1.400 ns
    Info: - Shortest register to register delay is 2.900 ns
        Info: 1: + IC(0.000 ns) + CELL(0.000 ns) = 0.000 ns; Loc. = LC1_G42; Fanout = 3; REG Node = 'st_now.k1'
        Info: 2: + IC(0.500 ns) + CELL(2.400 ns) = 2.900 ns; Loc. = LC7_G42; Fanout = 1; REG Node = 'st_next.k2_275'
        Info: Total cell delay = 2.400 ns ( 82.76 % )
        Info: Total interconnect delay = 0.500 ns ( 17.24 % )
    Info: + Micro hold delay of destination is 0.000 ns
    Info: Delay path is controlled by inverted clocks -- if clock duty cycle is 50%, fmax is divided by two
Info: tsu for register "st_now.k4" (data pin = "reset", clock pin = "clk") is 16.200 ns
    Info: + Longest pin to register delay is 20.600 ns
        Info: 1: + IC(0.000 ns) + CELL(10.300 ns) = 10.300 ns; Loc. = PIN_28; Fanout = 7; PIN Node = 'reset'
        Info: 2: + IC(8.300 ns) + CELL(2.000 ns) = 20.600 ns; Loc. = LC2_G44; Fanout = 3; REG Node = 'st_now.k4'
        Info: Total cell delay = 12.300 ns ( 59.71 % )
        Info: Total interconnect delay = 8.300 ns ( 40.29 % )
    Info: + Micro setup delay of destination is 2.600 ns
    Info: - Shortest clock path from clock "clk" to destination register is 7.000 ns
        Info: 1: + IC(0.000 ns) + CELL(2.900 ns) = 2.900 ns; Loc. = PIN_91; Fanout = 7; CLK Node = 'clk'
        Info: 2: + IC(4.100 ns) + CELL(0.000 ns) = 7.000 ns; Loc. = LC2_G44; Fanout = 3; REG Node = 'st_now.k4'
        Info: Total cell delay = 2.900 ns ( 41.43 % )
        Info: Total interconnect delay = 4.100 ns ( 58.57 % )
Info: tco from clock "Button" to destination pin "seg[3]" through register "seg[0]$latch" is 37.200 ns
    Info: + Longest clock path from clock "Button" to source register is 23.700 ns
        Info: 1: + IC(0.000 ns) + CELL(10.300 ns) = 10.300 ns; Loc. = PIN_29; Fanout = 2; CLK Node = 'Button'
        Info: 2: + IC(7.800 ns) + CELL(2.400 ns) = 20.500 ns; Loc. = LC4_G45; Fanout = 7; COMB Node = 'Selector13~1'
        Info: 3: + IC(0.500 ns) + CELL(2.700 ns) = 23.700 ns; Loc. = LC1_G45; Fanout = 2; REG Node = 'seg[0]$latch'
        Info: Total cell delay = 15.400 ns ( 64.98 % )
        Info: Total interconnect delay = 8.300 ns ( 35.02 % )
    Info: + Micro clock to output delay of source is 0.000 ns
    Info: + Longest register to pin delay is 13.500 ns
        Info: 1: + IC(0.000 ns) + CELL(0.000 ns) = 0.000 ns; Loc. = LC1_G45; Fanout = 2; REG Node = 'seg[0]$latch'
        Info: 2: + IC(0.500 ns) + CELL(2.700 ns) = 3.200 ns; Loc. = LC7_G45; Fanout = 1; COMB Node = 'seg[0]$latch~2'
        Info: 3: + IC(5.300 ns) + CELL(5.000 ns) = 13.500 ns; Loc. = PIN_9; Fanout = 0; PIN Node = 'seg[3]'
        Info: Total cell delay = 7.700 ns ( 57.04 % )
        Info: Total interconnect delay = 5.800 ns ( 42.96 % )
Info: Longest tpd from source pin "Button" to destination pin "seg[3]" is 34.000 ns
    Info: 1: + IC(0.000 ns) + CELL(10.300 ns) = 10.300 ns; Loc. = PIN_29; Fanout = 2; CLK Node = 'Button'
    Info: 2: + IC(7.800 ns) + CELL(2.400 ns) = 20.500 ns; Loc. = LC4_G45; Fanout = 7; COMB Node = 'Selector13~1'
    Info: 3: + IC(0.500 ns) + CELL(2.700 ns) = 23.700 ns; Loc. = LC7_G45; Fanout = 1; COMB Node = 'seg[0]$latch~2'
    Info: 4: + IC(5.300 ns) + CELL(5.000 ns) = 34.000 ns; Loc. = PIN_9; Fanout = 0; PIN Node = 'seg[3]'
    Info: Total cell delay = 20.400 ns ( 60.00 % )
    Info: Total interconnect delay = 13.600 ns ( 40.00 % )
Info: th for register "st_now.k0" (data pin = "reset", clock pin = "clk") is -10.100 ns
    Info: + Longest clock path from clock "clk" to destination register is 7.000 ns
        Info: 1: + IC(0.000 ns) + CELL(2.900 ns) = 2.900 ns; Loc. = PIN_91; Fanout = 7; CLK Node = 'clk'
        Info: 2: + IC(4.100 ns) + CELL(0.000 ns) = 7.000 ns; Loc. = LC2_G45; Fanout = 7; REG Node = 'st_now.k0'
        Info: Total cell delay = 2.900 ns ( 41.43 % )
        Info: Total interconnect delay = 4.100 ns ( 58.57 % )
    Info: + Micro hold delay of destination is 3.100 ns
    Info: - Shortest pin to register delay is 20.200 ns
        Info: 1: + IC(0.000 ns) + CELL(10.300 ns) = 10.300 ns; Loc. = PIN_28; Fanout = 7; PIN Node = 'reset'
        Info: 2: + IC(8.200 ns) + CELL(1.700 ns) = 20.200 ns; Loc. = LC2_G45; Fanout = 7; REG Node = 'st_now.k0'
        Info: Total cell delay = 12.000 ns ( 59.41 % )
        Info: Total interconnect delay = 8.200 ns ( 40.59 % )
Info: Quartus II Classic Timing Analyzer was successful. 0 errors, 16 warnings
    Info: Peak virtual memory: 215 megabytes
    Info: Processing ended: Wed Nov 14 00:53:29 2018
    Info: Elapsed time: 00:00:00
    Info: Total CPU time (on all processors): 00:00:00


